<?xml version="1.0" encoding="UTF-8"?>
<!-- Generated by org.testng.reporters.JUnitXMLReporter -->
<testsuite ignored="5" hostname="SanDip" failures="0" tests="3" name="Test" time="0.063" errors="0" timestamp="2022-07-11T14:23:02 IST">
  <testcase classname="grouping.NewTest_g2" name="q" time="0.009"/>
  <testcase classname="grouping.NewTest_g2" name="s" time="0.002"/>
  <testcase classname="grouping.NewTestg1" name="c" time="0.002"/>
  <testcase classname="grouping.NewTestg1" name="b" time="0.0">
    <ignored/>
  </testcase> <!-- b -->
  <testcase classname="grouping.NewTest_g2" name="p" time="0.0">
    <ignored/>
  </testcase> <!-- p -->
  <testcase classname="grouping.NewTestg1" name="d" time="0.0">
    <ignored/>
  </testcase> <!-- d -->
  <testcase classname="grouping.NewTest_g2" name="r" time="0.0">
    <ignored/>
  </testcase> <!-- r -->
  <testcase classname="grouping.NewTestg1" name="a" time="0.0">
    <ignored/>
  </testcase> <!-- a -->
</testsuite> <!-- Test -->
